<?xml version="1.0" encoding="utf-8"?><testsuites name="pytest tests"><testsuite name="pytest" errors="0" failures="0" skipped="0" tests="9" time="5.127" timestamp="2026-06-05T20:20:39.264587+00:00" hostname="agent-env-7ad5a8b0-9f67-45dc-8a7d-768e3b811330"><testcase classname="backend.tests.test_iteration2.TestPurchaseList" name="test_purchase_list_aggregates_across_restaurants" time="2.448" /><testcase classname="backend.tests.test_iteration2.TestPurchaseList" name="test_purchase_list_excludes_delivered" time="0.248" /><testcase classname="backend.tests.test_iteration2.TestPurchaseList" name="test_purchase_list_default_tomorrow" time="0.171" /><testcase classname="backend.tests.test_iteration2.TestPurchaseList" name="test_purchase_list_requires_admin" time="0.157" /><testcase classname="backend.tests.test_iteration2.TestDeleteOrder" name="test_admin_delete_order" time="0.263" /><testcase classname="backend.tests.test_iteration2.TestDeleteOrder" name="test_delete_order_not_found" time="0.104" /><testcase classname="backend.tests.test_iteration2.TestDeleteOrder" name="test_restaurant_cannot_delete_order" time="0.104" /><testcase classname="backend.tests.test_iteration2.TestRestaurantUpdate" name="test_update_name_phone_address" time="0.266" /><testcase classname="backend.tests.test_iteration2.TestRestaurantUpdate" name="test_update_password" time="1.228" /></testsuite></testsuites>