<?xml version="1.0" encoding="utf-8"?><testsuites name="pytest tests"><testsuite name="pytest" errors="0" failures="0" skipped="0" tests="25" time="6.921" timestamp="2026-06-05T18:32:14.798850+00:00" hostname="agent-env-7ad5a8b0-9f67-45dc-8a7d-768e3b811330"><testcase classname="backend.tests.backend_test.TestAuth" name="test_admin_login" time="0.517" /><testcase classname="backend.tests.backend_test.TestAuth" name="test_login_invalid" time="0.357" /><testcase classname="backend.tests.backend_test.TestAuth" name="test_me_unauthenticated" time="0.112" /><testcase classname="backend.tests.backend_test.TestAuth" name="test_me_admin" time="0.174" /><testcase classname="backend.tests.backend_test.TestSelfRegistration" name="test_self_register" time="0.380" /><testcase classname="backend.tests.backend_test.TestSelfRegistration" name="test_duplicate_registration" time="0.122" /><testcase classname="backend.tests.backend_test.TestSelfRegistration" name="test_pending_login_then_cannot_order" time="0.499" /><testcase classname="backend.tests.backend_test.TestAdminRestaurantMgmt" name="test_admin_create_restaurant_active" time="0.519" /><testcase classname="backend.tests.backend_test.TestAdminRestaurantMgmt" name="test_approve_pending_restaurant" time="0.148" /><testcase classname="backend.tests.backend_test.TestAdminRestaurantMgmt" name="test_restaurant_role_separation" time="0.798" /><testcase classname="backend.tests.backend_test.TestVegetables" name="test_list_vegetables_seeded" time="0.156" /><testcase classname="backend.tests.backend_test.TestVegetables" name="test_create_update_delete_vegetable" time="0.378" /><testcase classname="backend.tests.backend_test.TestVegetables" name="test_bulk_rate_update" time="0.323" /><testcase classname="backend.tests.backend_test.TestOrders" name="test_restaurant_create_order" time="0.115" /><testcase classname="backend.tests.backend_test.TestOrders" name="test_restaurant_lists_own_orders" time="0.132" /><testcase classname="backend.tests.backend_test.TestOrders" name="test_admin_confirm_order" time="0.217" /><testcase classname="backend.tests.backend_test.TestOrders" name="test_admin_mark_delivered" time="0.129" /><testcase classname="backend.tests.backend_test.TestOrders" name="test_invalid_status" time="0.161" /><testcase classname="backend.tests.backend_test.TestOrders" name="test_empty_order_rejected" time="0.133" /><testcase classname="backend.tests.backend_test.TestLedger" name="test_ledger_after_delivery" time="0.122" /><testcase classname="backend.tests.backend_test.TestLedger" name="test_record_payment" time="0.311" /><testcase classname="backend.tests.backend_test.TestLedger" name="test_restaurant_can_see_own_ledger" time="0.129" /><testcase classname="backend.tests.backend_test.TestLedger" name="test_restaurant_cannot_see_other_ledger" time="0.106" /><testcase classname="backend.tests.backend_test.TestAdminDashboards" name="test_admin_stats" time="0.126" /><testcase classname="backend.tests.backend_test.TestAdminDashboards" name="test_admin_ledgers" time="0.661" /></testsuite></testsuites>